0 info it worked if it ends with ok
1 verbose cli [ '/Users/andrew/.nvm/versions/node/v4.1.2/bin/node',
1 verbose cli   '/Users/andrew/.nvm/versions/node/v4.1.2/bin/npm',
1 verbose cli   'install' ]
2 info using npm@2.14.4
3 info using node@v4.1.2
4 verbose readDependencies loading dependencies from /Users/andrew/Projects/cardboardiot/website/package.json
5 warn package.json website@0.0.1 No repository field.
6 warn package.json website@0.0.1 No license field.
7 verbose install where, deps [ '/Users/andrew/Projects/cardboardiot/website',
7 verbose install   [ 'autoprefixer',
7 verbose install     'metalsmith',
7 verbose install     'metalsmith-assets',
7 verbose install     'metalsmith-in-place',
7 verbose install     'metalsmith-layouts',
7 verbose install     'metalsmith-markdown',
7 verbose install     'metalsmith-watch',
7 verbose install     'metalsmith-permalinks',
7 verbose install     'normalize.css',
7 verbose install     'npm-run-all',
7 verbose install     'postcss-cli',
7 verbose install     'postcss-custom-properties',
7 verbose install     'postcss-import',
7 verbose install     'puer',
7 verbose install     'handlebars' ] ]
8 verbose install where, peers [ '/Users/andrew/Projects/cardboardiot/website', [] ]
9 verbose installManyTop reading for lifecycle /Users/andrew/Projects/cardboardiot/website/package.json
10 info preinstall website@0.0.1
11 verbose installManyTop reading scoped package data from /Users/andrew/Projects/cardboardiot/website/node_modules/autoprefixer/package.json
12 verbose installManyTop reading scoped package data from /Users/andrew/Projects/cardboardiot/website/node_modules/handlebars/package.json
13 verbose installManyTop reading scoped package data from /Users/andrew/Projects/cardboardiot/website/node_modules/metalsmith/package.json
14 verbose installManyTop reading scoped package data from /Users/andrew/Projects/cardboardiot/website/node_modules/metalsmith-assets/package.json
15 verbose installManyTop reading scoped package data from /Users/andrew/Projects/cardboardiot/website/node_modules/metalsmith-in-place/package.json
16 verbose installManyTop reading scoped package data from /Users/andrew/Projects/cardboardiot/website/node_modules/metalsmith-layouts/package.json
17 verbose installManyTop reading scoped package data from /Users/andrew/Projects/cardboardiot/website/node_modules/metalsmith-markdown/package.json
18 verbose installManyTop reading scoped package data from /Users/andrew/Projects/cardboardiot/website/node_modules/metalsmith-permalinks/package.json
19 verbose installManyTop reading scoped package data from /Users/andrew/Projects/cardboardiot/website/node_modules/metalsmith-register-partials/package.json
20 verbose installManyTop reading scoped package data from /Users/andrew/Projects/cardboardiot/website/node_modules/metalsmith-static/package.json
21 verbose installManyTop reading scoped package data from /Users/andrew/Projects/cardboardiot/website/node_modules/metalsmith-templates/package.json
22 verbose installManyTop reading scoped package data from /Users/andrew/Projects/cardboardiot/website/node_modules/metalsmith-watch/package.json
23 verbose installManyTop reading scoped package data from /Users/andrew/Projects/cardboardiot/website/node_modules/normalize.css/package.json
24 verbose installManyTop reading scoped package data from /Users/andrew/Projects/cardboardiot/website/node_modules/npm-run-all/package.json
25 verbose installManyTop reading scoped package data from /Users/andrew/Projects/cardboardiot/website/node_modules/postcss-cli/package.json
26 verbose installManyTop reading scoped package data from /Users/andrew/Projects/cardboardiot/website/node_modules/postcss-custom-properties/package.json
27 verbose installManyTop reading scoped package data from /Users/andrew/Projects/cardboardiot/website/node_modules/postcss-import/package.json
28 verbose installManyTop reading scoped package data from /Users/andrew/Projects/cardboardiot/website/node_modules/puer/package.json
29 info package.json postcss-custom-properties@5.0.0 No README data
30 info package.json puer@1.1.1 No license field.
31 info package.json metalsmith-static@0.0.5 No license field.
32 verbose readDependencies loading dependencies from /Users/andrew/Projects/cardboardiot/website/package.json
33 verbose targetResolver reading package data from /Users/andrew/Projects/cardboardiot/website/node_modules/autoprefixer/package.json
34 verbose targetResolver reading package data from /Users/andrew/Projects/cardboardiot/website/node_modules/handlebars/package.json
35 verbose targetResolver reading package data from /Users/andrew/Projects/cardboardiot/website/node_modules/metalsmith/package.json
36 verbose targetResolver reading package data from /Users/andrew/Projects/cardboardiot/website/node_modules/metalsmith-assets/package.json
37 verbose targetResolver reading package data from /Users/andrew/Projects/cardboardiot/website/node_modules/metalsmith-in-place/package.json
38 verbose targetResolver reading package data from /Users/andrew/Projects/cardboardiot/website/node_modules/metalsmith-layouts/package.json
39 verbose targetResolver reading package data from /Users/andrew/Projects/cardboardiot/website/node_modules/metalsmith-markdown/package.json
40 verbose targetResolver reading package data from /Users/andrew/Projects/cardboardiot/website/node_modules/metalsmith-permalinks/package.json
41 verbose targetResolver reading package data from /Users/andrew/Projects/cardboardiot/website/node_modules/metalsmith-register-partials/package.json
42 verbose targetResolver reading package data from /Users/andrew/Projects/cardboardiot/website/node_modules/metalsmith-static/package.json
43 verbose targetResolver reading package data from /Users/andrew/Projects/cardboardiot/website/node_modules/metalsmith-templates/package.json
44 verbose targetResolver reading package data from /Users/andrew/Projects/cardboardiot/website/node_modules/metalsmith-watch/package.json
45 verbose targetResolver reading package data from /Users/andrew/Projects/cardboardiot/website/node_modules/normalize.css/package.json
46 verbose targetResolver reading package data from /Users/andrew/Projects/cardboardiot/website/node_modules/npm-run-all/package.json
47 verbose targetResolver reading package data from /Users/andrew/Projects/cardboardiot/website/node_modules/postcss-cli/package.json
48 verbose targetResolver reading package data from /Users/andrew/Projects/cardboardiot/website/node_modules/postcss-custom-properties/package.json
49 verbose targetResolver reading package data from /Users/andrew/Projects/cardboardiot/website/node_modules/postcss-import/package.json
50 verbose targetResolver reading package data from /Users/andrew/Projects/cardboardiot/website/node_modules/puer/package.json
51 verbose targetResolver reading package data from /Users/andrew/Projects/cardboardiot/website/node_modules/.bin/handlebars/package.json
52 verbose targetResolver reading package data from /Users/andrew/Projects/cardboardiot/website/node_modules/.bin/metalsmith/package.json
53 verbose targetResolver reading package data from /Users/andrew/Projects/cardboardiot/website/node_modules/.bin/npm-run-all/package.json
54 verbose targetResolver reading package data from /Users/andrew/Projects/cardboardiot/website/node_modules/.bin/postcss/package.json
55 verbose targetResolver reading package data from /Users/andrew/Projects/cardboardiot/website/node_modules/.bin/puer/package.json
56 verbose already installed skipping postcss-cli@^2.3.2 /Users/andrew/Projects/cardboardiot/website
57 verbose already installed skipping postcss-custom-properties@^5.0.0 /Users/andrew/Projects/cardboardiot/website
58 verbose already installed skipping postcss-import@^7.1.2 /Users/andrew/Projects/cardboardiot/website
59 verbose already installed skipping puer@^1.1.1 /Users/andrew/Projects/cardboardiot/website
60 silly cache add args [ 'handlebars@^4.0.5', null ]
61 verbose cache add spec handlebars@^4.0.5
62 silly cache add parsed spec Result {
62 silly cache add   raw: 'handlebars@^4.0.5',
62 silly cache add   scope: null,
62 silly cache add   name: 'handlebars',
62 silly cache add   rawSpec: '^4.0.5',
62 silly cache add   spec: '>=4.0.5 <5.0.0',
62 silly cache add   type: 'range' }
63 silly addNamed handlebars@>=4.0.5 <5.0.0
64 verbose addNamed ">=4.0.5 <5.0.0" is a valid semver range for handlebars
65 silly addNameRange { name: 'handlebars', range: '>=4.0.5 <5.0.0', hasData: false }
66 silly mapToRegistry name handlebars
67 silly mapToRegistry using default registry
68 silly mapToRegistry registry https://registry.npmjs.org/
69 silly mapToRegistry uri https://registry.npmjs.org/handlebars
70 verbose addNameRange registry:https://registry.npmjs.org/handlebars not in flight; fetching
71 verbose already installed skipping autoprefixer@^6.0.3 /Users/andrew/Projects/cardboardiot/website
72 verbose already installed skipping metalsmith@^2.1.0 /Users/andrew/Projects/cardboardiot/website
73 verbose already installed skipping metalsmith-assets@^0.1.0 /Users/andrew/Projects/cardboardiot/website
74 verbose already installed skipping metalsmith-in-place@^1.3.2 /Users/andrew/Projects/cardboardiot/website
75 verbose already installed skipping metalsmith-layouts@^1.4.2 /Users/andrew/Projects/cardboardiot/website
76 verbose already installed skipping metalsmith-markdown@^0.2.1 /Users/andrew/Projects/cardboardiot/website
77 verbose already installed skipping metalsmith-watch@^1.0.1 /Users/andrew/Projects/cardboardiot/website
78 silly cache add args [ 'metalsmith-permalinks@^0.4.0\'', null ]
79 verbose cache add spec metalsmith-permalinks@^0.4.0'
80 verbose request uri https://registry.npmjs.org/handlebars
81 verbose request no auth needed
82 info attempt registry request try #1 at 8:45:23 PM
83 verbose request using bearer token for auth
84 verbose request id c3fc56534d7118e6
85 verbose etag "D5C1D00VQK3HIMT0WQN5B0KY3"
86 http request GET https://registry.npmjs.org/handlebars
87 verbose already installed skipping normalize.css@^3.0.3 /Users/andrew/Projects/cardboardiot/website
88 verbose already installed skipping npm-run-all@^1.2.13 /Users/andrew/Projects/cardboardiot/website
89 silly cache add parsed spec Result {
89 silly cache add   raw: 'metalsmith-permalinks@^0.4.0\'',
89 silly cache add   scope: null,
89 silly cache add   name: 'metalsmith-permalinks',
89 silly cache add   rawSpec: '^0.4.0\'',
89 silly cache add   spec: '^0.4.0\'',
89 silly cache add   type: 'tag' }
90 silly addNamed metalsmith-permalinks@^0.4.0'
91 verbose addNamed "^0.4.0'" is being treated as a dist-tag for metalsmith-permalinks
92 info addNameTag [ 'metalsmith-permalinks', '^0.4.0\'' ]
93 silly mapToRegistry name metalsmith-permalinks
94 silly mapToRegistry using default registry
95 silly mapToRegistry registry https://registry.npmjs.org/
96 silly mapToRegistry uri https://registry.npmjs.org/metalsmith-permalinks
97 verbose addNameTag registry:https://registry.npmjs.org/metalsmith-permalinks not in flight; fetching
98 verbose request uri https://registry.npmjs.org/metalsmith-permalinks
99 verbose request no auth needed
100 info attempt registry request try #1 at 8:45:23 PM
101 verbose request using bearer token for auth
102 verbose etag "QMFFDVTB2KKMYODAPST66MPC"
103 http request GET https://registry.npmjs.org/metalsmith-permalinks
104 http 304 https://registry.npmjs.org/metalsmith-permalinks
105 silly get cb [ 304,
105 silly get   { 'cache-control': 'max-age=60',
105 silly get     'accept-ranges': 'bytes',
105 silly get     date: 'Thu, 03 Dec 2015 19:45:22 GMT',
105 silly get     via: '1.1 varnish',
105 silly get     connection: 'keep-alive',
105 silly get     'x-served-by': 'cache-fra1226-FRA',
105 silly get     'x-cache': 'MISS',
105 silly get     'x-cache-hits': '0',
105 silly get     'x-timer': 'S1449171921.882916,VS0,VE407' } ]
106 verbose etag https://registry.npmjs.org/metalsmith-permalinks from cache
107 verbose get saving metalsmith-permalinks to /Users/andrew/.npm/registry.npmjs.org/metalsmith-permalinks/.cache.json
108 silly addNameTag next cb for metalsmith-permalinks with tag ^0.4.0'
109 http 200 https://registry.npmjs.org/handlebars
110 silly get cb [ 200,
110 silly get   { server: 'CouchDB/1.5.0 (Erlang OTP/R16B03)',
110 silly get     etag: '"98SE7KY958PKVGJJVK62HDODB"',
110 silly get     'content-type': 'application/json',
110 silly get     'cache-control': 'max-age=60',
110 silly get     'content-length': '61242',
110 silly get     'accept-ranges': 'bytes',
110 silly get     date: 'Thu, 03 Dec 2015 19:45:22 GMT',
110 silly get     via: '1.1 varnish',
110 silly get     connection: 'keep-alive',
110 silly get     'x-served-by': 'cache-fra1227-FRA',
110 silly get     'x-cache': 'MISS',
110 silly get     'x-cache-hits': '0',
110 silly get     'x-timer': 'S1449171921.883316,VS0,VE927',
110 silly get     vary: 'Accept' } ]
111 verbose get saving handlebars to /Users/andrew/.npm/registry.npmjs.org/handlebars/.cache.json
112 silly addNameRange number 2 { name: 'handlebars', range: '>=4.0.5 <5.0.0', hasData: true }
113 silly addNameRange versions [ 'handlebars',
113 silly addNameRange   [ '1.0.6',
113 silly addNameRange     '1.0.6-2',
113 silly addNameRange     '1.0.7',
113 silly addNameRange     '1.0.8',
113 silly addNameRange     '1.0.9',
113 silly addNameRange     '1.0.10',
113 silly addNameRange     '1.0.11',
113 silly addNameRange     '1.0.12',
113 silly addNameRange     '1.1.0',
113 silly addNameRange     '1.1.1',
113 silly addNameRange     '1.1.2',
113 silly addNameRange     '1.2.0',
113 silly addNameRange     '1.2.1',
113 silly addNameRange     '1.3.0',
113 silly addNameRange     '2.0.0-alpha.1',
113 silly addNameRange     '2.0.0-alpha.2',
113 silly addNameRange     '2.0.0-alpha.3',
113 silly addNameRange     '2.0.0-alpha.4',
113 silly addNameRange     '2.0.0-beta.1',
113 silly addNameRange     '2.0.0',
113 silly addNameRange     '3.0.0',
113 silly addNameRange     '3.0.1',
113 silly addNameRange     '3.0.2',
113 silly addNameRange     '3.0.3',
113 silly addNameRange     '4.0.0',
113 silly addNameRange     '4.0.1',
113 silly addNameRange     '4.0.2',
113 silly addNameRange     '4.0.3',
113 silly addNameRange     '4.0.4',
113 silly addNameRange     '4.0.5',
113 silly addNameRange     '1.0.2-beta',
113 silly addNameRange     '1.0.4-beta',
113 silly addNameRange     '1.0.5-beta' ] ]
114 silly addNamed handlebars@4.0.5
115 verbose addNamed "4.0.5" is a plain semver version for handlebars
116 silly mapToRegistry name handlebars
117 silly mapToRegistry using default registry
118 silly mapToRegistry registry https://registry.npmjs.org/
119 silly mapToRegistry uri https://registry.npmjs.org/handlebars
120 verbose addRemoteTarball https://registry.npmjs.org/handlebars/-/handlebars-4.0.5.tgz not in flight; adding
121 verbose addRemoteTarball [ 'https://registry.npmjs.org/handlebars/-/handlebars-4.0.5.tgz',
121 verbose addRemoteTarball   '92c6ed6bb164110c50d4d8d0fbddc70806c6f8e7' ]
122 info retry fetch attempt 1 at 8:45:25 PM
123 info attempt registry request try #1 at 8:45:25 PM
124 http fetch GET https://registry.npmjs.org/handlebars/-/handlebars-4.0.5.tgz
125 verbose request using bearer token for auth
126 http fetch 200 https://registry.npmjs.org/handlebars/-/handlebars-4.0.5.tgz
127 silly fetchAndShaCheck shasum 92c6ed6bb164110c50d4d8d0fbddc70806c6f8e7
128 verbose addTmpTarball /var/folders/p1/5mwkl9v56ts96dlc9s2l4h7m0000gp/T/npm-9465-c03a664b/registry.npmjs.org/handlebars/-/handlebars-4.0.5.tgz not in flight; adding
129 verbose addTmpTarball already have metadata; skipping unpack for handlebars@4.0.5
130 silly cache afterAdd handlebars@4.0.5
131 verbose afterAdd /Users/andrew/.npm/handlebars/4.0.5/package/package.json not in flight; writing
132 verbose afterAdd /Users/andrew/.npm/handlebars/4.0.5/package/package.json written
133 verbose stack Error: No compatible version found: metalsmith-permalinks@'^0.4.0''
133 verbose stack Valid install targets:
133 verbose stack ["0.0.1","0.0.2","0.1.0","0.1.1","0.1.2","0.1.3","0.2.0","0.2.1","0.2.2","0.3.0","0.3.1","0.3.2","0.4.0"]
133 verbose stack
133 verbose stack     at installTargetsError (/Users/andrew/.nvm/versions/node/v4.1.2/lib/node_modules/npm/lib/cache/add-named.js:278:12)
133 verbose stack     at next (/Users/andrew/.nvm/versions/node/v4.1.2/lib/node_modules/npm/lib/cache/add-named.js:94:10)
133 verbose stack     at RES (/Users/andrew/.nvm/versions/node/v4.1.2/lib/node_modules/npm/node_modules/inflight/inflight.js:23:14)
133 verbose stack     at f (/Users/andrew/.nvm/versions/node/v4.1.2/lib/node_modules/npm/node_modules/once/once.js:17:25)
133 verbose stack     at fixName (/Users/andrew/.nvm/versions/node/v4.1.2/lib/node_modules/npm/lib/cache/add-named.js:29:5)
133 verbose stack     at saved (/Users/andrew/.nvm/versions/node/v4.1.2/lib/node_modules/npm/lib/cache/caching-client.js:173:7)
133 verbose stack     at /Users/andrew/.nvm/versions/node/v4.1.2/lib/node_modules/npm/node_modules/graceful-fs/polyfills.js:210:7
133 verbose stack     at FSReqWrap.oncomplete (fs.js:82:15)
134 verbose cwd /Users/andrew/Projects/cardboardiot/website
135 error Darwin 15.0.0
136 error argv "/Users/andrew/.nvm/versions/node/v4.1.2/bin/node" "/Users/andrew/.nvm/versions/node/v4.1.2/bin/npm" "install"
137 error node v4.1.2
138 error npm  v2.14.4
139 error code ETARGET
140 error notarget No compatible version found: metalsmith-permalinks@'^0.4.0''
140 error notarget Valid install targets:
140 error notarget ["0.0.1","0.0.2","0.1.0","0.1.1","0.1.2","0.1.3","0.2.0","0.2.1","0.2.2","0.3.0","0.3.1","0.3.2","0.4.0"]
140 error notarget
140 error notarget This is most likely not a problem with npm itself.
140 error notarget In most cases you or one of your dependencies are requesting
140 error notarget a package version that doesn't exist.
140 error notarget
140 error notarget It was specified as a dependency of 'website'
141 verbose exit [ 1, true ]
